<?xml version="1.0" encoding="UTF-8"?>
<testsuite xmlns:xsi="http://www.w3.org/2001/XMLSchema-instance" xsi:noNamespaceSchemaLocation="https://maven.apache.org/surefire/maven-surefire-plugin/xsd/surefire-test-report.xsd" name="com.cherish.ErpSdkApplicationTests" time="1.888" tests="1" errors="0" skipped="0" failures="0">
  <properties>
    <property name="sun.desktop" value="windows"/>
    <property name="awt.toolkit" value="sun.awt.windows.WToolkit"/>
    <property name="file.encoding.pkg" value="sun.io"/>
    <property name="java.specification.version" value="1.8"/>
    <property name="sun.cpu.isalist" value="pentium_pro+mmx pentium_pro pentium+mmx pentium i486 i386 i86"/>
    <property name="sun.jnu.encoding" value="GBK"/>
    <property name="java.class.path" value="E:\Study\JavaProject\by_springcloud\erp-sdk\target\test-classes;E:\Study\JavaProject\by_springcloud\erp-sdk\target\classes;D:\soft\MAVEN\apache-maven-3.8.4\pre\org\springframework\cloud\spring-cloud-starter-openfeign\3.1.3\spring-cloud-starter-openfeign-3.1.3.jar;D:\soft\MAVEN\apache-maven-3.8.4\pre\org\springframework\cloud\spring-cloud-starter\3.1.3\spring-cloud-starter-3.1.3.jar;D:\soft\MAVEN\apache-maven-3.8.4\pre\org\springframework\cloud\spring-cloud-context\3.1.3\spring-cloud-context-3.1.3.jar;D:\soft\MAVEN\apache-maven-3.8.4\pre\org\springframework\security\spring-security-rsa\1.0.10.RELEASE\spring-security-rsa-1.0.10.RELEASE.jar;D:\soft\MAVEN\apache-maven-3.8.4\pre\org\bouncycastle\bcpkix-jdk15on\1.68\bcpkix-jdk15on-1.68.jar;D:\soft\MAVEN\apache-maven-3.8.4\pre\org\bouncycastle\bcprov-jdk15on\1.68\bcprov-jdk15on-1.68.jar;D:\soft\MAVEN\apache-maven-3.8.4\pre\org\springframework\cloud\spring-cloud-openfeign-core\3.1.3\spring-cloud-openfeign-core-3.1.3.jar;D:\soft\MAVEN\apache-maven-3.8.4\pre\org\springframework\boot\spring-boot-autoconfigure\2.7.0\spring-boot-autoconfigure-2.7.0.jar;D:\soft\MAVEN\apache-maven-3.8.4\pre\org\springframework\boot\spring-boot-starter-aop\2.7.0\spring-boot-starter-aop-2.7.0.jar;D:\soft\MAVEN\apache-maven-3.8.4\pre\org\springframework\spring-aop\5.3.20\spring-aop-5.3.20.jar;D:\soft\MAVEN\apache-maven-3.8.4\pre\org\aspectj\aspectjweaver\1.9.7\aspectjweaver-1.9.7.jar;D:\soft\MAVEN\apache-maven-3.8.4\pre\io\github\openfeign\form\feign-form-spring\3.8.0\feign-form-spring-3.8.0.jar;D:\soft\MAVEN\apache-maven-3.8.4\pre\io\github\openfeign\form\feign-form\3.8.0\feign-form-3.8.0.jar;D:\soft\MAVEN\apache-maven-3.8.4\pre\commons-fileupload\commons-fileupload\1.4\commons-fileupload-1.4.jar;D:\soft\MAVEN\apache-maven-3.8.4\pre\commons-io\commons-io\2.2\commons-io-2.2.jar;D:\soft\MAVEN\apache-maven-3.8.4\pre\org\springframework\spring-web\5.3.20\spring-web-5.3.20.jar;D:\soft\MAVEN\apache-maven-3.8.4\pre\org\springframework\spring-beans\5.3.20\spring-beans-5.3.20.jar;D:\soft\MAVEN\apache-maven-3.8.4\pre\org\springframework\cloud\spring-cloud-commons\3.1.3\spring-cloud-commons-3.1.3.jar;D:\soft\MAVEN\apache-maven-3.8.4\pre\org\springframework\security\spring-security-crypto\5.7.1\spring-security-crypto-5.7.1.jar;D:\soft\MAVEN\apache-maven-3.8.4\pre\io\github\openfeign\feign-core\11.8\feign-core-11.8.jar;D:\soft\MAVEN\apache-maven-3.8.4\pre\io\github\openfeign\feign-slf4j\11.8\feign-slf4j-11.8.jar;D:\soft\MAVEN\apache-maven-3.8.4\pre\org\slf4j\slf4j-api\1.7.36\slf4j-api-1.7.36.jar;D:\soft\MAVEN\apache-maven-3.8.4\pre\org\springframework\boot\spring-boot-starter-test\2.7.0\spring-boot-starter-test-2.7.0.jar;D:\soft\MAVEN\apache-maven-3.8.4\pre\org\springframework\boot\spring-boot-starter\2.7.0\spring-boot-starter-2.7.0.jar;D:\soft\MAVEN\apache-maven-3.8.4\pre\org\springframework\boot\spring-boot\2.7.0\spring-boot-2.7.0.jar;D:\soft\MAVEN\apache-maven-3.8.4\pre\org\springframework\spring-context\5.3.20\spring-context-5.3.20.jar;D:\soft\MAVEN\apache-maven-3.8.4\pre\org\springframework\spring-expression\5.3.20\spring-expression-5.3.20.jar;D:\soft\MAVEN\apache-maven-3.8.4\pre\org\springframework\boot\spring-boot-starter-logging\2.7.0\spring-boot-starter-logging-2.7.0.jar;D:\soft\MAVEN\apache-maven-3.8.4\pre\ch\qos\logback\logback-classic\1.2.11\logback-classic-1.2.11.jar;D:\soft\MAVEN\apache-maven-3.8.4\pre\ch\qos\logback\logback-core\1.2.11\logback-core-1.2.11.jar;D:\soft\MAVEN\apache-maven-3.8.4\pre\org\apache\logging\log4j\log4j-to-slf4j\2.17.2\log4j-to-slf4j-2.17.2.jar;D:\soft\MAVEN\apache-maven-3.8.4\pre\org\apache\logging\log4j\log4j-api\2.17.2\log4j-api-2.17.2.jar;D:\soft\MAVEN\apache-maven-3.8.4\pre\org\slf4j\jul-to-slf4j\1.7.36\jul-to-slf4j-1.7.36.jar;D:\soft\MAVEN\apache-maven-3.8.4\pre\jakarta\annotation\jakarta.annotation-api\1.3.5\jakarta.annotation-api-1.3.5.jar;D:\soft\MAVEN\apache-maven-3.8.4\pre\org\yaml\snakeyaml\1.30\snakeyaml-1.30.jar;D:\soft\MAVEN\apache-maven-3.8.4\pre\org\springframework\boot\spring-boot-test\2.7.0\spring-boot-test-2.7.0.jar;D:\soft\MAVEN\apache-maven-3.8.4\pre\org\springframework\boot\spring-boot-test-autoconfigure\2.7.0\spring-boot-test-autoconfigure-2.7.0.jar;D:\soft\MAVEN\apache-maven-3.8.4\pre\com\jayway\jsonpath\json-path\2.7.0\json-path-2.7.0.jar;D:\soft\MAVEN\apache-maven-3.8.4\pre\net\minidev\json-smart\2.4.8\json-smart-2.4.8.jar;D:\soft\MAVEN\apache-maven-3.8.4\pre\net\minidev\accessors-smart\2.4.8\accessors-smart-2.4.8.jar;D:\soft\MAVEN\apache-maven-3.8.4\pre\org\ow2\asm\asm\9.1\asm-9.1.jar;D:\soft\MAVEN\apache-maven-3.8.4\pre\jakarta\xml\bind\jakarta.xml.bind-api\2.3.3\jakarta.xml.bind-api-2.3.3.jar;D:\soft\MAVEN\apache-maven-3.8.4\pre\jakarta\activation\jakarta.activation-api\1.2.2\jakarta.activation-api-1.2.2.jar;D:\soft\MAVEN\apache-maven-3.8.4\pre\org\assertj\assertj-core\3.22.0\assertj-core-3.22.0.jar;D:\soft\MAVEN\apache-maven-3.8.4\pre\org\hamcrest\hamcrest\2.2\hamcrest-2.2.jar;D:\soft\MAVEN\apache-maven-3.8.4\pre\org\junit\jupiter\junit-jupiter\5.8.2\junit-jupiter-5.8.2.jar;D:\soft\MAVEN\apache-maven-3.8.4\pre\org\junit\jupiter\junit-jupiter-api\5.8.2\junit-jupiter-api-5.8.2.jar;D:\soft\MAVEN\apache-maven-3.8.4\pre\org\opentest4j\opentest4j\1.2.0\opentest4j-1.2.0.jar;D:\soft\MAVEN\apache-maven-3.8.4\pre\org\junit\platform\junit-platform-commons\1.8.2\junit-platform-commons-1.8.2.jar;D:\soft\MAVEN\apache-maven-3.8.4\pre\org\apiguardian\apiguardian-api\1.1.2\apiguardian-api-1.1.2.jar;D:\soft\MAVEN\apache-maven-3.8.4\pre\org\junit\jupiter\junit-jupiter-params\5.8.2\junit-jupiter-params-5.8.2.jar;D:\soft\MAVEN\apache-maven-3.8.4\pre\org\junit\jupiter\junit-jupiter-engine\5.8.2\junit-jupiter-engine-5.8.2.jar;D:\soft\MAVEN\apache-maven-3.8.4\pre\org\junit\platform\junit-platform-engine\1.8.2\junit-platform-engine-1.8.2.jar;D:\soft\MAVEN\apache-maven-3.8.4\pre\org\mockito\mockito-core\4.5.1\mockito-core-4.5.1.jar;D:\soft\MAVEN\apache-maven-3.8.4\pre\net\bytebuddy\byte-buddy\1.12.10\byte-buddy-1.12.10.jar;D:\soft\MAVEN\apache-maven-3.8.4\pre\net\bytebuddy\byte-buddy-agent\1.12.10\byte-buddy-agent-1.12.10.jar;D:\soft\MAVEN\apache-maven-3.8.4\pre\org\objenesis\objenesis\3.2\objenesis-3.2.jar;D:\soft\MAVEN\apache-maven-3.8.4\pre\org\mockito\mockito-junit-jupiter\4.5.1\mockito-junit-jupiter-4.5.1.jar;D:\soft\MAVEN\apache-maven-3.8.4\pre\org\skyscreamer\jsonassert\1.5.0\jsonassert-1.5.0.jar;D:\soft\MAVEN\apache-maven-3.8.4\pre\com\vaadin\external\google\android-json\0.0.20131108.vaadin1\android-json-0.0.20131108.vaadin1.jar;D:\soft\MAVEN\apache-maven-3.8.4\pre\org\springframework\spring-core\5.3.20\spring-core-5.3.20.jar;D:\soft\MAVEN\apache-maven-3.8.4\pre\org\springframework\spring-jcl\5.3.20\spring-jcl-5.3.20.jar;D:\soft\MAVEN\apache-maven-3.8.4\pre\org\springframework\spring-test\5.3.20\spring-test-5.3.20.jar;D:\soft\MAVEN\apache-maven-3.8.4\pre\org\xmlunit\xmlunit-core\2.9.0\xmlunit-core-2.9.0.jar;"/>
    <property name="java.vm.vendor" value="Oracle Corporation"/>
    <property name="sun.arch.data.model" value="32"/>
    <property name="user.variant" value=""/>
    <property name="java.vendor.url" value="http://java.oracle.com/"/>
    <property name="user.timezone" value="Asia/Shanghai"/>
    <property name="java.vm.specification.version" value="1.8"/>
    <property name="os.name" value="Windows 10"/>
    <property name="user.country" value="CN"/>
    <property name="sun.java.launcher" value="SUN_STANDARD"/>
    <property name="sun.boot.library.path" value="D:\soft\JDK\jdk1.8.0\jre\bin"/>
    <property name="sun.java.command" value="C:\Users\cherish\AppData\Local\Temp\surefire5500446592719223502\surefirebooter7341836366235492221.jar C:\Users\cherish\AppData\Local\Temp\surefire5500446592719223502 2022-06-08T21-22-11_765-jvmRun1 surefire3112406249628374511tmp surefire_06994717689359469723tmp"/>
    <property name="surefire.test.class.path" value="E:\Study\JavaProject\by_springcloud\erp-sdk\target\test-classes;E:\Study\JavaProject\by_springcloud\erp-sdk\target\classes;D:\soft\MAVEN\apache-maven-3.8.4\pre\org\springframework\cloud\spring-cloud-starter-openfeign\3.1.3\spring-cloud-starter-openfeign-3.1.3.jar;D:\soft\MAVEN\apache-maven-3.8.4\pre\org\springframework\cloud\spring-cloud-starter\3.1.3\spring-cloud-starter-3.1.3.jar;D:\soft\MAVEN\apache-maven-3.8.4\pre\org\springframework\cloud\spring-cloud-context\3.1.3\spring-cloud-context-3.1.3.jar;D:\soft\MAVEN\apache-maven-3.8.4\pre\org\springframework\security\spring-security-rsa\1.0.10.RELEASE\spring-security-rsa-1.0.10.RELEASE.jar;D:\soft\MAVEN\apache-maven-3.8.4\pre\org\bouncycastle\bcpkix-jdk15on\1.68\bcpkix-jdk15on-1.68.jar;D:\soft\MAVEN\apache-maven-3.8.4\pre\org\bouncycastle\bcprov-jdk15on\1.68\bcprov-jdk15on-1.68.jar;D:\soft\MAVEN\apache-maven-3.8.4\pre\org\springframework\cloud\spring-cloud-openfeign-core\3.1.3\spring-cloud-openfeign-core-3.1.3.jar;D:\soft\MAVEN\apache-maven-3.8.4\pre\org\springframework\boot\spring-boot-autoconfigure\2.7.0\spring-boot-autoconfigure-2.7.0.jar;D:\soft\MAVEN\apache-maven-3.8.4\pre\org\springframework\boot\spring-boot-starter-aop\2.7.0\spring-boot-starter-aop-2.7.0.jar;D:\soft\MAVEN\apache-maven-3.8.4\pre\org\springframework\spring-aop\5.3.20\spring-aop-5.3.20.jar;D:\soft\MAVEN\apache-maven-3.8.4\pre\org\aspectj\aspectjweaver\1.9.7\aspectjweaver-1.9.7.jar;D:\soft\MAVEN\apache-maven-3.8.4\pre\io\github\openfeign\form\feign-form-spring\3.8.0\feign-form-spring-3.8.0.jar;D:\soft\MAVEN\apache-maven-3.8.4\pre\io\github\openfeign\form\feign-form\3.8.0\feign-form-3.8.0.jar;D:\soft\MAVEN\apache-maven-3.8.4\pre\commons-fileupload\commons-fileupload\1.4\commons-fileupload-1.4.jar;D:\soft\MAVEN\apache-maven-3.8.4\pre\commons-io\commons-io\2.2\commons-io-2.2.jar;D:\soft\MAVEN\apache-maven-3.8.4\pre\org\springframework\spring-web\5.3.20\spring-web-5.3.20.jar;D:\soft\MAVEN\apache-maven-3.8.4\pre\org\springframework\spring-beans\5.3.20\spring-beans-5.3.20.jar;D:\soft\MAVEN\apache-maven-3.8.4\pre\org\springframework\cloud\spring-cloud-commons\3.1.3\spring-cloud-commons-3.1.3.jar;D:\soft\MAVEN\apache-maven-3.8.4\pre\org\springframework\security\spring-security-crypto\5.7.1\spring-security-crypto-5.7.1.jar;D:\soft\MAVEN\apache-maven-3.8.4\pre\io\github\openfeign\feign-core\11.8\feign-core-11.8.jar;D:\soft\MAVEN\apache-maven-3.8.4\pre\io\github\openfeign\feign-slf4j\11.8\feign-slf4j-11.8.jar;D:\soft\MAVEN\apache-maven-3.8.4\pre\org\slf4j\slf4j-api\1.7.36\slf4j-api-1.7.36.jar;D:\soft\MAVEN\apache-maven-3.8.4\pre\org\springframework\boot\spring-boot-starter-test\2.7.0\spring-boot-starter-test-2.7.0.jar;D:\soft\MAVEN\apache-maven-3.8.4\pre\org\springframework\boot\spring-boot-starter\2.7.0\spring-boot-starter-2.7.0.jar;D:\soft\MAVEN\apache-maven-3.8.4\pre\org\springframework\boot\spring-boot\2.7.0\spring-boot-2.7.0.jar;D:\soft\MAVEN\apache-maven-3.8.4\pre\org\springframework\spring-context\5.3.20\spring-context-5.3.20.jar;D:\soft\MAVEN\apache-maven-3.8.4\pre\org\springframework\spring-expression\5.3.20\spring-expression-5.3.20.jar;D:\soft\MAVEN\apache-maven-3.8.4\pre\org\springframework\boot\spring-boot-starter-logging\2.7.0\spring-boot-starter-logging-2.7.0.jar;D:\soft\MAVEN\apache-maven-3.8.4\pre\ch\qos\logback\logback-classic\1.2.11\logback-classic-1.2.11.jar;D:\soft\MAVEN\apache-maven-3.8.4\pre\ch\qos\logback\logback-core\1.2.11\logback-core-1.2.11.jar;D:\soft\MAVEN\apache-maven-3.8.4\pre\org\apache\logging\log4j\log4j-to-slf4j\2.17.2\log4j-to-slf4j-2.17.2.jar;D:\soft\MAVEN\apache-maven-3.8.4\pre\org\apache\logging\log4j\log4j-api\2.17.2\log4j-api-2.17.2.jar;D:\soft\MAVEN\apache-maven-3.8.4\pre\org\slf4j\jul-to-slf4j\1.7.36\jul-to-slf4j-1.7.36.jar;D:\soft\MAVEN\apache-maven-3.8.4\pre\jakarta\annotation\jakarta.annotation-api\1.3.5\jakarta.annotation-api-1.3.5.jar;D:\soft\MAVEN\apache-maven-3.8.4\pre\org\yaml\snakeyaml\1.30\snakeyaml-1.30.jar;D:\soft\MAVEN\apache-maven-3.8.4\pre\org\springframework\boot\spring-boot-test\2.7.0\spring-boot-test-2.7.0.jar;D:\soft\MAVEN\apache-maven-3.8.4\pre\org\springframework\boot\spring-boot-test-autoconfigure\2.7.0\spring-boot-test-autoconfigure-2.7.0.jar;D:\soft\MAVEN\apache-maven-3.8.4\pre\com\jayway\jsonpath\json-path\2.7.0\json-path-2.7.0.jar;D:\soft\MAVEN\apache-maven-3.8.4\pre\net\minidev\json-smart\2.4.8\json-smart-2.4.8.jar;D:\soft\MAVEN\apache-maven-3.8.4\pre\net\minidev\accessors-smart\2.4.8\accessors-smart-2.4.8.jar;D:\soft\MAVEN\apache-maven-3.8.4\pre\org\ow2\asm\asm\9.1\asm-9.1.jar;D:\soft\MAVEN\apache-maven-3.8.4\pre\jakarta\xml\bind\jakarta.xml.bind-api\2.3.3\jakarta.xml.bind-api-2.3.3.jar;D:\soft\MAVEN\apache-maven-3.8.4\pre\jakarta\activation\jakarta.activation-api\1.2.2\jakarta.activation-api-1.2.2.jar;D:\soft\MAVEN\apache-maven-3.8.4\pre\org\assertj\assertj-core\3.22.0\assertj-core-3.22.0.jar;D:\soft\MAVEN\apache-maven-3.8.4\pre\org\hamcrest\hamcrest\2.2\hamcrest-2.2.jar;D:\soft\MAVEN\apache-maven-3.8.4\pre\org\junit\jupiter\junit-jupiter\5.8.2\junit-jupiter-5.8.2.jar;D:\soft\MAVEN\apache-maven-3.8.4\pre\org\junit\jupiter\junit-jupiter-api\5.8.2\junit-jupiter-api-5.8.2.jar;D:\soft\MAVEN\apache-maven-3.8.4\pre\org\opentest4j\opentest4j\1.2.0\opentest4j-1.2.0.jar;D:\soft\MAVEN\apache-maven-3.8.4\pre\org\junit\platform\junit-platform-commons\1.8.2\junit-platform-commons-1.8.2.jar;D:\soft\MAVEN\apache-maven-3.8.4\pre\org\apiguardian\apiguardian-api\1.1.2\apiguardian-api-1.1.2.jar;D:\soft\MAVEN\apache-maven-3.8.4\pre\org\junit\jupiter\junit-jupiter-params\5.8.2\junit-jupiter-params-5.8.2.jar;D:\soft\MAVEN\apache-maven-3.8.4\pre\org\junit\jupiter\junit-jupiter-engine\5.8.2\junit-jupiter-engine-5.8.2.jar;D:\soft\MAVEN\apache-maven-3.8.4\pre\org\junit\platform\junit-platform-engine\1.8.2\junit-platform-engine-1.8.2.jar;D:\soft\MAVEN\apache-maven-3.8.4\pre\org\mockito\mockito-core\4.5.1\mockito-core-4.5.1.jar;D:\soft\MAVEN\apache-maven-3.8.4\pre\net\bytebuddy\byte-buddy\1.12.10\byte-buddy-1.12.10.jar;D:\soft\MAVEN\apache-maven-3.8.4\pre\net\bytebuddy\byte-buddy-agent\1.12.10\byte-buddy-agent-1.12.10.jar;D:\soft\MAVEN\apache-maven-3.8.4\pre\org\objenesis\objenesis\3.2\objenesis-3.2.jar;D:\soft\MAVEN\apache-maven-3.8.4\pre\org\mockito\mockito-junit-jupiter\4.5.1\mockito-junit-jupiter-4.5.1.jar;D:\soft\MAVEN\apache-maven-3.8.4\pre\org\skyscreamer\jsonassert\1.5.0\jsonassert-1.5.0.jar;D:\soft\MAVEN\apache-maven-3.8.4\pre\com\vaadin\external\google\android-json\0.0.20131108.vaadin1\android-json-0.0.20131108.vaadin1.jar;D:\soft\MAVEN\apache-maven-3.8.4\pre\org\springframework\spring-core\5.3.20\spring-core-5.3.20.jar;D:\soft\MAVEN\apache-maven-3.8.4\pre\org\springframework\spring-jcl\5.3.20\spring-jcl-5.3.20.jar;D:\soft\MAVEN\apache-maven-3.8.4\pre\org\springframework\spring-test\5.3.20\spring-test-5.3.20.jar;D:\soft\MAVEN\apache-maven-3.8.4\pre\org\xmlunit\xmlunit-core\2.9.0\xmlunit-core-2.9.0.jar;"/>
    <property name="sun.cpu.endian" value="little"/>
    <property name="user.home" value="C:\Users\cherish"/>
    <property name="user.language" value="zh"/>
    <property name="java.specification.vendor" value="Oracle Corporation"/>
    <property name="java.home" value="D:\soft\JDK\jdk1.8.0\jre"/>
    <property name="basedir" value="E:\Study\JavaProject\by_springcloud\erp-sdk"/>
    <property name="file.separator" value="\"/>
    <property name="line.separator" value="&#10;"/>
    <property name="java.vm.specification.vendor" value="Oracle Corporation"/>
    <property name="java.specification.name" value="Java Platform API Specification"/>
    <property name="java.awt.graphicsenv" value="sun.awt.Win32GraphicsEnvironment"/>
    <property name="surefire.real.class.path" value="C:\Users\cherish\AppData\Local\Temp\surefire5500446592719223502\surefirebooter7341836366235492221.jar"/>
    <property name="sun.boot.class.path" value="D:\soft\JDK\jdk1.8.0\jre\lib\resources.jar;D:\soft\JDK\jdk1.8.0\jre\lib\rt.jar;D:\soft\JDK\jdk1.8.0\jre\lib\sunrsasign.jar;D:\soft\JDK\jdk1.8.0\jre\lib\jsse.jar;D:\soft\JDK\jdk1.8.0\jre\lib\jce.jar;D:\soft\JDK\jdk1.8.0\jre\lib\charsets.jar;D:\soft\JDK\jdk1.8.0\jre\lib\jfr.jar;D:\soft\JDK\jdk1.8.0\jre\classes"/>
    <property name="user.script" value=""/>
    <property name="sun.management.compiler" value="HotSpot Client Compiler"/>
    <property name="java.runtime.version" value="1.8.0_311-b11"/>
    <property name="user.name" value="cherish"/>
    <property name="path.separator" value=";"/>
    <property name="os.version" value="10.0"/>
    <property name="java.endorsed.dirs" value="D:\soft\JDK\jdk1.8.0\jre\lib\endorsed"/>
    <property name="java.runtime.name" value="Java(TM) SE Runtime Environment"/>
    <property name="file.encoding" value="GBK"/>
    <property name="java.vm.name" value="Java HotSpot(TM) Client VM"/>
    <property name="localRepository" value="D:\soft\MAVEN\apache-maven-3.8.4\pre"/>
    <property name="java.vendor.url.bug" value="http://bugreport.sun.com/bugreport/"/>
    <property name="java.io.tmpdir" value="C:\Users\cherish\AppData\Local\Temp\"/>
    <property name="idea.version" value="2021.1.3"/>
    <property name="java.version" value="1.8.0_311"/>
    <property name="user.dir" value="E:\Study\JavaProject\by_springcloud\erp-sdk"/>
    <property name="os.arch" value="x86"/>
    <property name="java.vm.specification.name" value="Java Virtual Machine Specification"/>
    <property name="java.awt.printerjob" value="sun.awt.windows.WPrinterJob"/>
    <property name="sun.os.patch.level" value=""/>
    <property name="java.library.path" value="D:\soft\JDK\jdk1.8.0\jre\bin;C:\Windows\Sun\Java\bin;C:\Windows\system32;C:\Windows;D:\soft\vmware\bin\;C:\Windows\system32;C:\Windows;C:\Windows\System32\Wbem;C:\Windows\System32\WindowsPowerShell\v1.0\;C:\Windows\System32\OpenSSH\;D:\soft\JDK\jdk-17.0.1\bin;D:\soft\NodeJs\;D:\soft\Git\Git\cmd;D:\soft\Git\Git\bin;D:\soft\Xshell\;C:\Users\cherish\AppData\Local\Microsoft\WindowsApps;C:\Users\cherish\AppData\Roaming\npm;."/>
    <property name="java.vm.info" value="mixed mode"/>
    <property name="java.vendor" value="Oracle Corporation"/>
    <property name="java.vm.version" value="25.311-b11"/>
    <property name="java.ext.dirs" value="D:\soft\JDK\jdk1.8.0\jre\lib\ext;C:\Windows\Sun\Java\lib\ext"/>
    <property name="sun.io.unicode.encoding" value="UnicodeLittle"/>
    <property name="maven.repo.local" value="D:\soft\MAVEN\apache-maven-3.8.4\pre"/>
    <property name="java.class.version" value="52.0"/>
  </properties>
  <testcase name="contextLoads" classname="com.cherish.ErpSdkApplicationTests" time="0.192"/>
</testsuite>